<?xml version="1.0" encoding="UTF-8"?>
<testsuite xmlns:xsi="http://www.w3.org/2001/XMLSchema-instance" xsi:noNamespaceSchemaLocation="https://maven.apache.org/surefire/maven-surefire-plugin/xsd/surefire-test-report.xsd" name="com.mirandez.meetagora.MeetagoraApplicationTests" time="2.381" tests="1" errors="0" skipped="0" failures="0">
  <properties>
    <property name="gopherProxySet" value="false"/>
    <property name="awt.toolkit" value="sun.lwawt.macosx.LWCToolkit"/>
    <property name="file.encoding.pkg" value="sun.io"/>
    <property name="java.specification.version" value="1.8"/>
    <property name="sun.cpu.isalist" value=""/>
    <property name="sun.jnu.encoding" value="UTF-8"/>
    <property name="java.class.path" value="/Users/jmirandev/meetagora-backend/target/test-classes:/Users/jmirandev/meetagora-backend/target/classes:/Users/jmirandev/.m2/repository/org/springframework/boot/spring-boot-starter-web/2.5.7/spring-boot-starter-web-2.5.7.jar:/Users/jmirandev/.m2/repository/org/springframework/boot/spring-boot-starter/2.5.7/spring-boot-starter-2.5.7.jar:/Users/jmirandev/.m2/repository/org/springframework/boot/spring-boot-starter-logging/2.5.7/spring-boot-starter-logging-2.5.7.jar:/Users/jmirandev/.m2/repository/ch/qos/logback/logback-classic/1.2.7/logback-classic-1.2.7.jar:/Users/jmirandev/.m2/repository/ch/qos/logback/logback-core/1.2.7/logback-core-1.2.7.jar:/Users/jmirandev/.m2/repository/org/apache/logging/log4j/log4j-to-slf4j/2.14.1/log4j-to-slf4j-2.14.1.jar:/Users/jmirandev/.m2/repository/org/apache/logging/log4j/log4j-api/2.14.1/log4j-api-2.14.1.jar:/Users/jmirandev/.m2/repository/org/slf4j/jul-to-slf4j/1.7.32/jul-to-slf4j-1.7.32.jar:/Users/jmirandev/.m2/repository/jakarta/annotation/jakarta.annotation-api/1.3.5/jakarta.annotation-api-1.3.5.jar:/Users/jmirandev/.m2/repository/org/yaml/snakeyaml/1.28/snakeyaml-1.28.jar:/Users/jmirandev/.m2/repository/org/springframework/boot/spring-boot-starter-json/2.5.7/spring-boot-starter-json-2.5.7.jar:/Users/jmirandev/.m2/repository/com/fasterxml/jackson/datatype/jackson-datatype-jdk8/2.12.5/jackson-datatype-jdk8-2.12.5.jar:/Users/jmirandev/.m2/repository/com/fasterxml/jackson/module/jackson-module-parameter-names/2.12.5/jackson-module-parameter-names-2.12.5.jar:/Users/jmirandev/.m2/repository/org/springframework/boot/spring-boot-starter-tomcat/2.5.7/spring-boot-starter-tomcat-2.5.7.jar:/Users/jmirandev/.m2/repository/org/apache/tomcat/embed/tomcat-embed-core/9.0.55/tomcat-embed-core-9.0.55.jar:/Users/jmirandev/.m2/repository/org/apache/tomcat/embed/tomcat-embed-websocket/9.0.55/tomcat-embed-websocket-9.0.55.jar:/Users/jmirandev/.m2/repository/org/springframework/spring-web/5.3.13/spring-web-5.3.13.jar:/Users/jmirandev/.m2/repository/org/springframework/spring-beans/5.3.13/spring-beans-5.3.13.jar:/Users/jmirandev/.m2/repository/org/springframework/spring-webmvc/5.3.13/spring-webmvc-5.3.13.jar:/Users/jmirandev/.m2/repository/org/springframework/spring-context/5.3.13/spring-context-5.3.13.jar:/Users/jmirandev/.m2/repository/org/springframework/spring-expression/5.3.13/spring-expression-5.3.13.jar:/Users/jmirandev/.m2/repository/org/mybatis/spring/boot/mybatis-spring-boot-starter/2.2.2/mybatis-spring-boot-starter-2.2.2.jar:/Users/jmirandev/.m2/repository/org/springframework/boot/spring-boot-starter-jdbc/2.5.7/spring-boot-starter-jdbc-2.5.7.jar:/Users/jmirandev/.m2/repository/com/zaxxer/HikariCP/4.0.3/HikariCP-4.0.3.jar:/Users/jmirandev/.m2/repository/org/springframework/spring-jdbc/5.3.13/spring-jdbc-5.3.13.jar:/Users/jmirandev/.m2/repository/org/springframework/spring-tx/5.3.13/spring-tx-5.3.13.jar:/Users/jmirandev/.m2/repository/org/mybatis/spring/boot/mybatis-spring-boot-autoconfigure/2.2.2/mybatis-spring-boot-autoconfigure-2.2.2.jar:/Users/jmirandev/.m2/repository/org/mybatis/mybatis/3.5.9/mybatis-3.5.9.jar:/Users/jmirandev/.m2/repository/org/mybatis/mybatis-spring/2.0.7/mybatis-spring-2.0.7.jar:/Users/jmirandev/.m2/repository/org/springframework/boot/spring-boot-devtools/2.5.7/spring-boot-devtools-2.5.7.jar:/Users/jmirandev/.m2/repository/org/springframework/boot/spring-boot/2.5.7/spring-boot-2.5.7.jar:/Users/jmirandev/.m2/repository/org/springframework/boot/spring-boot-autoconfigure/2.5.7/spring-boot-autoconfigure-2.5.7.jar:/Users/jmirandev/.m2/repository/mysql/mysql-connector-java/8.0.27/mysql-connector-java-8.0.27.jar:/Users/jmirandev/.m2/repository/org/projectlombok/lombok/1.18.22/lombok-1.18.22.jar:/Users/jmirandev/.m2/repository/org/springframework/boot/spring-boot-starter-test/2.5.7/spring-boot-starter-test-2.5.7.jar:/Users/jmirandev/.m2/repository/org/springframework/boot/spring-boot-test/2.5.7/spring-boot-test-2.5.7.jar:/Users/jmirandev/.m2/repository/org/springframework/boot/spring-boot-test-autoconfigure/2.5.7/spring-boot-test-autoconfigure-2.5.7.jar:/Users/jmirandev/.m2/repository/com/jayway/jsonpath/json-path/2.5.0/json-path-2.5.0.jar:/Users/jmirandev/.m2/repository/net/minidev/json-smart/2.4.7/json-smart-2.4.7.jar:/Users/jmirandev/.m2/repository/net/minidev/accessors-smart/2.4.7/accessors-smart-2.4.7.jar:/Users/jmirandev/.m2/repository/jakarta/xml/bind/jakarta.xml.bind-api/2.3.3/jakarta.xml.bind-api-2.3.3.jar:/Users/jmirandev/.m2/repository/jakarta/activation/jakarta.activation-api/1.2.2/jakarta.activation-api-1.2.2.jar:/Users/jmirandev/.m2/repository/org/assertj/assertj-core/3.19.0/assertj-core-3.19.0.jar:/Users/jmirandev/.m2/repository/org/hamcrest/hamcrest/2.2/hamcrest-2.2.jar:/Users/jmirandev/.m2/repository/org/junit/jupiter/junit-jupiter/5.7.2/junit-jupiter-5.7.2.jar:/Users/jmirandev/.m2/repository/org/junit/jupiter/junit-jupiter-api/5.7.2/junit-jupiter-api-5.7.2.jar:/Users/jmirandev/.m2/repository/org/apiguardian/apiguardian-api/1.1.0/apiguardian-api-1.1.0.jar:/Users/jmirandev/.m2/repository/org/opentest4j/opentest4j/1.2.0/opentest4j-1.2.0.jar:/Users/jmirandev/.m2/repository/org/junit/platform/junit-platform-commons/1.7.2/junit-platform-commons-1.7.2.jar:/Users/jmirandev/.m2/repository/org/junit/jupiter/junit-jupiter-params/5.7.2/junit-jupiter-params-5.7.2.jar:/Users/jmirandev/.m2/repository/org/junit/jupiter/junit-jupiter-engine/5.7.2/junit-jupiter-engine-5.7.2.jar:/Users/jmirandev/.m2/repository/org/junit/platform/junit-platform-engine/1.7.2/junit-platform-engine-1.7.2.jar:/Users/jmirandev/.m2/repository/org/mockito/mockito-core/3.9.0/mockito-core-3.9.0.jar:/Users/jmirandev/.m2/repository/net/bytebuddy/byte-buddy/1.10.22/byte-buddy-1.10.22.jar:/Users/jmirandev/.m2/repository/net/bytebuddy/byte-buddy-agent/1.10.22/byte-buddy-agent-1.10.22.jar:/Users/jmirandev/.m2/repository/org/objenesis/objenesis/3.2/objenesis-3.2.jar:/Users/jmirandev/.m2/repository/org/mockito/mockito-junit-jupiter/3.9.0/mockito-junit-jupiter-3.9.0.jar:/Users/jmirandev/.m2/repository/org/skyscreamer/jsonassert/1.5.0/jsonassert-1.5.0.jar:/Users/jmirandev/.m2/repository/com/vaadin/external/google/android-json/0.0.20131108.vaadin1/android-json-0.0.20131108.vaadin1.jar:/Users/jmirandev/.m2/repository/org/springframework/spring-core/5.3.13/spring-core-5.3.13.jar:/Users/jmirandev/.m2/repository/org/springframework/spring-jcl/5.3.13/spring-jcl-5.3.13.jar:/Users/jmirandev/.m2/repository/org/springframework/spring-test/5.3.13/spring-test-5.3.13.jar:/Users/jmirandev/.m2/repository/org/xmlunit/xmlunit-core/2.8.3/xmlunit-core-2.8.3.jar:/Users/jmirandev/.m2/repository/org/springframework/boot/spring-boot-starter-mail/2.5.7/spring-boot-starter-mail-2.5.7.jar:/Users/jmirandev/.m2/repository/org/springframework/spring-context-support/5.3.13/spring-context-support-5.3.13.jar:/Users/jmirandev/.m2/repository/com/sun/mail/jakarta.mail/1.6.7/jakarta.mail-1.6.7.jar:/Users/jmirandev/.m2/repository/com/sun/activation/jakarta.activation/1.2.2/jakarta.activation-1.2.2.jar:/Users/jmirandev/.m2/repository/org/springframework/boot/spring-boot-starter-thymeleaf/2.5.7/spring-boot-starter-thymeleaf-2.5.7.jar:/Users/jmirandev/.m2/repository/org/thymeleaf/thymeleaf-spring5/3.0.12.RELEASE/thymeleaf-spring5-3.0.12.RELEASE.jar:/Users/jmirandev/.m2/repository/org/thymeleaf/thymeleaf/3.0.12.RELEASE/thymeleaf-3.0.12.RELEASE.jar:/Users/jmirandev/.m2/repository/org/attoparser/attoparser/2.0.5.RELEASE/attoparser-2.0.5.RELEASE.jar:/Users/jmirandev/.m2/repository/org/unbescape/unbescape/1.1.6.RELEASE/unbescape-1.1.6.RELEASE.jar:/Users/jmirandev/.m2/repository/org/thymeleaf/extras/thymeleaf-extras-java8time/3.0.4.RELEASE/thymeleaf-extras-java8time-3.0.4.RELEASE.jar:/Users/jmirandev/.m2/repository/org/springframework/boot/spring-boot-starter-security/2.5.7/spring-boot-starter-security-2.5.7.jar:/Users/jmirandev/.m2/repository/org/springframework/spring-aop/5.3.13/spring-aop-5.3.13.jar:/Users/jmirandev/.m2/repository/org/springframework/security/spring-security-config/5.5.3/spring-security-config-5.5.3.jar:/Users/jmirandev/.m2/repository/org/springframework/security/spring-security-core/5.5.3/spring-security-core-5.5.3.jar:/Users/jmirandev/.m2/repository/org/springframework/security/spring-security-crypto/5.5.3/spring-security-crypto-5.5.3.jar:/Users/jmirandev/.m2/repository/org/springframework/security/spring-security-web/5.5.3/spring-security-web-5.5.3.jar:/Users/jmirandev/.m2/repository/technology/tabula/tabula/1.0.5/tabula-1.0.5.jar:/Users/jmirandev/.m2/repository/org/locationtech/jts/jts-core/1.18.1/jts-core-1.18.1.jar:/Users/jmirandev/.m2/repository/org/slf4j/slf4j-api/1.7.32/slf4j-api-1.7.32.jar:/Users/jmirandev/.m2/repository/org/slf4j/slf4j-simple/1.7.32/slf4j-simple-1.7.32.jar:/Users/jmirandev/.m2/repository/org/apache/pdfbox/pdfbox/2.0.24/pdfbox-2.0.24.jar:/Users/jmirandev/.m2/repository/org/apache/pdfbox/fontbox/2.0.24/fontbox-2.0.24.jar:/Users/jmirandev/.m2/repository/commons-logging/commons-logging/1.2/commons-logging-1.2.jar:/Users/jmirandev/.m2/repository/org/bouncycastle/bcprov-jdk15on/1.69/bcprov-jdk15on-1.69.jar:/Users/jmirandev/.m2/repository/org/bouncycastle/bcmail-jdk15on/1.69/bcmail-jdk15on-1.69.jar:/Users/jmirandev/.m2/repository/org/bouncycastle/bcutil-jdk15on/1.69/bcutil-jdk15on-1.69.jar:/Users/jmirandev/.m2/repository/org/bouncycastle/bcpkix-jdk15on/1.69/bcpkix-jdk15on-1.69.jar:/Users/jmirandev/.m2/repository/commons-cli/commons-cli/1.4/commons-cli-1.4.jar:/Users/jmirandev/.m2/repository/org/apache/commons/commons-csv/1.9.0/commons-csv-1.9.0.jar:/Users/jmirandev/.m2/repository/com/google/code/gson/gson/2.8.9/gson-2.8.9.jar:/Users/jmirandev/.m2/repository/com/github/jai-imageio/jai-imageio-core/1.4.0/jai-imageio-core-1.4.0.jar:/Users/jmirandev/.m2/repository/com/github/jai-imageio/jai-imageio-jpeg2000/1.4.0/jai-imageio-jpeg2000-1.4.0.jar:/Users/jmirandev/.m2/repository/org/apache/pdfbox/jbig2-imageio/3.0.3/jbig2-imageio-3.0.3.jar:/Users/jmirandev/.m2/repository/com/fasterxml/jackson/datatype/jackson-datatype-jsr310/2.15.2/jackson-datatype-jsr310-2.15.2.jar:/Users/jmirandev/.m2/repository/com/fasterxml/jackson/core/jackson-annotations/2.12.5/jackson-annotations-2.12.5.jar:/Users/jmirandev/.m2/repository/com/fasterxml/jackson/core/jackson-core/2.12.5/jackson-core-2.12.5.jar:/Users/jmirandev/.m2/repository/com/fasterxml/jackson/core/jackson-databind/2.12.5/jackson-databind-2.12.5.jar:/Users/jmirandev/.m2/repository/joda-time/joda-time/2.12.5/joda-time-2.12.5.jar:/Users/jmirandev/.m2/repository/com/fasterxml/jackson/datatype/jackson-datatype-joda/2.15.2/jackson-datatype-joda-2.15.2.jar:/Users/jmirandev/.m2/repository/org/hibernate/validator/hibernate-validator/6.0.13.Final/hibernate-validator-6.0.13.Final.jar:/Users/jmirandev/.m2/repository/javax/validation/validation-api/2.0.1.Final/validation-api-2.0.1.Final.jar:/Users/jmirandev/.m2/repository/org/jboss/logging/jboss-logging/3.4.2.Final/jboss-logging-3.4.2.Final.jar:/Users/jmirandev/.m2/repository/com/fasterxml/classmate/1.5.1/classmate-1.5.1.jar:/Users/jmirandev/.m2/repository/com/google/cloud/google-cloud-storage/2.28.0/google-cloud-storage-2.28.0.jar:/Users/jmirandev/.m2/repository/com/google/guava/guava/32.1.2-jre/guava-32.1.2-jre.jar:/Users/jmirandev/.m2/repository/com/google/guava/failureaccess/1.0.1/failureaccess-1.0.1.jar:/Users/jmirandev/.m2/repository/com/google/guava/listenablefuture/9999.0-empty-to-avoid-conflict-with-guava/listenablefuture-9999.0-empty-to-avoid-conflict-with-guava.jar:/Users/jmirandev/.m2/repository/com/google/errorprone/error_prone_annotations/2.20.0/error_prone_annotations-2.20.0.jar:/Users/jmirandev/.m2/repository/com/google/j2objc/j2objc-annotations/2.8/j2objc-annotations-2.8.jar:/Users/jmirandev/.m2/repository/com/google/http-client/google-http-client/1.43.3/google-http-client-1.43.3.jar:/Users/jmirandev/.m2/repository/io/opencensus/opencensus-contrib-http-util/0.31.1/opencensus-contrib-http-util-0.31.1.jar:/Users/jmirandev/.m2/repository/com/google/http-client/google-http-client-jackson2/1.43.3/google-http-client-jackson2-1.43.3.jar:/Users/jmirandev/.m2/repository/com/google/http-client/google-http-client-gson/1.43.3/google-http-client-gson-1.43.3.jar:/Users/jmirandev/.m2/repository/com/google/api-client/google-api-client/2.2.0/google-api-client-2.2.0.jar:/Users/jmirandev/.m2/repository/commons-codec/commons-codec/1.15/commons-codec-1.15.jar:/Users/jmirandev/.m2/repository/com/google/oauth-client/google-oauth-client/1.34.1/google-oauth-client-1.34.1.jar:/Users/jmirandev/.m2/repository/com/google/http-client/google-http-client-apache-v2/1.43.3/google-http-client-apache-v2-1.43.3.jar:/Users/jmirandev/.m2/repository/com/google/apis/google-api-services-storage/v1-rev20230922-2.0.0/google-api-services-storage-v1-rev20230922-2.0.0.jar:/Users/jmirandev/.m2/repository/com/google/cloud/google-cloud-core/2.25.0/google-cloud-core-2.25.0.jar:/Users/jmirandev/.m2/repository/com/google/auto/value/auto-value-annotations/1.10.4/auto-value-annotations-1.10.4.jar:/Users/jmirandev/.m2/repository/com/google/cloud/google-cloud-core-http/2.25.0/google-cloud-core-http-2.25.0.jar:/Users/jmirandev/.m2/repository/com/google/http-client/google-http-client-appengine/1.43.3/google-http-client-appengine-1.43.3.jar:/Users/jmirandev/.m2/repository/com/google/api/gax-httpjson/2.35.0/gax-httpjson-2.35.0.jar:/Users/jmirandev/.m2/repository/com/google/cloud/google-cloud-core-grpc/2.25.0/google-cloud-core-grpc-2.25.0.jar:/Users/jmirandev/.m2/repository/com/google/api/gax/2.35.0/gax-2.35.0.jar:/Users/jmirandev/.m2/repository/com/google/api/gax-grpc/2.35.0/gax-grpc-2.35.0.jar:/Users/jmirandev/.m2/repository/io/grpc/grpc-inprocess/1.58.0/grpc-inprocess-1.58.0.jar:/Users/jmirandev/.m2/repository/io/grpc/grpc-alts/1.58.0/grpc-alts-1.58.0.jar:/Users/jmirandev/.m2/repository/io/grpc/grpc-grpclb/1.58.0/grpc-grpclb-1.58.0.jar:/Users/jmirandev/.m2/repository/org/conscrypt/conscrypt-openjdk-uber/2.5.2/conscrypt-openjdk-uber-2.5.2.jar:/Users/jmirandev/.m2/repository/io/grpc/grpc-auth/1.58.0/grpc-auth-1.58.0.jar:/Users/jmirandev/.m2/repository/io/grpc/grpc-protobuf/1.58.0/grpc-protobuf-1.58.0.jar:/Users/jmirandev/.m2/repository/io/grpc/grpc-protobuf-lite/1.58.0/grpc-protobuf-lite-1.58.0.jar:/Users/jmirandev/.m2/repository/com/google/auth/google-auth-library-credentials/1.19.0/google-auth-library-credentials-1.19.0.jar:/Users/jmirandev/.m2/repository/com/google/auth/google-auth-library-oauth2-http/1.19.0/google-auth-library-oauth2-http-1.19.0.jar:/Users/jmirandev/.m2/repository/com/google/api/api-common/2.18.0/api-common-2.18.0.jar:/Users/jmirandev/.m2/repository/javax/annotation/javax.annotation-api/1.3.2/javax.annotation-api-1.3.2.jar:/Users/jmirandev/.m2/repository/io/opencensus/opencensus-api/0.31.1/opencensus-api-0.31.1.jar:/Users/jmirandev/.m2/repository/io/grpc/grpc-context/1.58.0/grpc-context-1.58.0.jar:/Users/jmirandev/.m2/repository/com/google/api/grpc/proto-google-iam-v1/1.21.0/proto-google-iam-v1-1.21.0.jar:/Users/jmirandev/.m2/repository/com/google/protobuf/protobuf-java/3.24.3/protobuf-java-3.24.3.jar:/Users/jmirandev/.m2/repository/com/google/protobuf/protobuf-java-util/3.24.3/protobuf-java-util-3.24.3.jar:/Users/jmirandev/.m2/repository/com/google/api/grpc/proto-google-common-protos/2.26.0/proto-google-common-protos-2.26.0.jar:/Users/jmirandev/.m2/repository/org/threeten/threetenbp/1.6.8/threetenbp-1.6.8.jar:/Users/jmirandev/.m2/repository/com/google/api/grpc/proto-google-cloud-storage-v2/2.28.0-alpha/proto-google-cloud-storage-v2-2.28.0-alpha.jar:/Users/jmirandev/.m2/repository/com/google/api/grpc/grpc-google-cloud-storage-v2/2.28.0-alpha/grpc-google-cloud-storage-v2-2.28.0-alpha.jar:/Users/jmirandev/.m2/repository/com/google/api/grpc/gapic-google-cloud-storage-v2/2.28.0-alpha/gapic-google-cloud-storage-v2-2.28.0-alpha.jar:/Users/jmirandev/.m2/repository/com/google/code/findbugs/jsr305/3.0.2/jsr305-3.0.2.jar:/Users/jmirandev/.m2/repository/io/grpc/grpc-api/1.58.0/grpc-api-1.58.0.jar:/Users/jmirandev/.m2/repository/io/grpc/grpc-netty-shaded/1.58.0/grpc-netty-shaded-1.58.0.jar:/Users/jmirandev/.m2/repository/io/perfmark/perfmark-api/0.26.0/perfmark-api-0.26.0.jar:/Users/jmirandev/.m2/repository/io/grpc/grpc-core/1.58.0/grpc-core-1.58.0.jar:/Users/jmirandev/.m2/repository/com/google/android/annotations/4.1.1.4/annotations-4.1.1.4.jar:/Users/jmirandev/.m2/repository/org/codehaus/mojo/animal-sniffer-annotations/1.23/animal-sniffer-annotations-1.23.jar:/Users/jmirandev/.m2/repository/io/grpc/grpc-stub/1.58.0/grpc-stub-1.58.0.jar:/Users/jmirandev/.m2/repository/io/grpc/grpc-googleapis/1.58.0/grpc-googleapis-1.58.0.jar:/Users/jmirandev/.m2/repository/org/checkerframework/checker-qual/3.33.0/checker-qual-3.33.0.jar:/Users/jmirandev/.m2/repository/io/grpc/grpc-xds/1.58.0/grpc-xds-1.58.0.jar:/Users/jmirandev/.m2/repository/io/opencensus/opencensus-proto/0.2.0/opencensus-proto-0.2.0.jar:/Users/jmirandev/.m2/repository/io/grpc/grpc-services/1.58.0/grpc-services-1.58.0.jar:/Users/jmirandev/.m2/repository/com/google/re2j/re2j/1.7/re2j-1.7.jar:/Users/jmirandev/.m2/repository/io/grpc/grpc-rls/1.58.0/grpc-rls-1.58.0.jar:/Users/jmirandev/.m2/repository/io/grpc/grpc-util/1.58.0/grpc-util-1.58.0.jar:/Users/jmirandev/.m2/repository/com/google/zxing/core/3.3.0/core-3.3.0.jar:/Users/jmirandev/.m2/repository/com/google/zxing/javase/3.3.0/javase-3.3.0.jar:/Users/jmirandev/.m2/repository/com/beust/jcommander/1.48/jcommander-1.48.jar:/Users/jmirandev/.m2/repository/io/jsonwebtoken/jjwt/0.9.1/jjwt-0.9.1.jar:/Users/jmirandev/.m2/repository/org/springframework/cloud/spring-cloud-gcp-starter-sql-mysql/1.2.3.RELEASE/spring-cloud-gcp-starter-sql-mysql-1.2.3.RELEASE.jar:/Users/jmirandev/.m2/repository/org/springframework/cloud/spring-cloud-gcp-starter/1.2.3.RELEASE/spring-cloud-gcp-starter-1.2.3.RELEASE.jar:/Users/jmirandev/.m2/repository/org/springframework/cloud/spring-cloud-gcp-core/1.2.3.RELEASE/spring-cloud-gcp-core-1.2.3.RELEASE.jar:/Users/jmirandev/.m2/repository/org/springframework/cloud/spring-cloud-gcp-autoconfigure/1.2.3.RELEASE/spring-cloud-gcp-autoconfigure-1.2.3.RELEASE.jar:/Users/jmirandev/.m2/repository/com/google/cloud/sql/mysql-socket-factory/1.0.16/mysql-socket-factory-1.0.16.jar:/Users/jmirandev/.m2/repository/com/google/cloud/sql/jdbc-socket-factory-core/1.0.16/jdbc-socket-factory-core-1.0.16.jar:/Users/jmirandev/.m2/repository/com/google/apis/google-api-services-sqladmin/v1beta4-rev20190827-1.30.1/google-api-services-sqladmin-v1beta4-rev20190827-1.30.1.jar:/Users/jmirandev/.m2/repository/com/github/jnr/jnr-unixsocket/0.30/jnr-unixsocket-0.30.jar:/Users/jmirandev/.m2/repository/com/github/jnr/jnr-ffi/2.1.13/jnr-ffi-2.1.13.jar:/Users/jmirandev/.m2/repository/com/github/jnr/jffi/1.2.23/jffi-1.2.23.jar:/Users/jmirandev/.m2/repository/com/github/jnr/jffi/1.2.23/jffi-1.2.23-native.jar:/Users/jmirandev/.m2/repository/org/ow2/asm/asm-commons/7.1/asm-commons-7.1.jar:/Users/jmirandev/.m2/repository/com/github/jnr/jnr-a64asm/1.0.0/jnr-a64asm-1.0.0.jar:/Users/jmirandev/.m2/repository/com/github/jnr/jnr-x86asm/1.0.2/jnr-x86asm-1.0.2.jar:/Users/jmirandev/.m2/repository/com/github/jnr/jnr-constants/0.9.15/jnr-constants-0.9.15.jar:/Users/jmirandev/.m2/repository/com/github/jnr/jnr-enxio/0.26/jnr-enxio-0.26.jar:/Users/jmirandev/.m2/repository/com/github/jnr/jnr-posix/3.0.55/jnr-posix-3.0.55.jar:/Users/jmirandev/.m2/repository/org/ow2/asm/asm-util/8.0.1/asm-util-8.0.1.jar:/Users/jmirandev/.m2/repository/org/ow2/asm/asm/8.0.1/asm-8.0.1.jar:/Users/jmirandev/.m2/repository/org/ow2/asm/asm-tree/8.0.1/asm-tree-8.0.1.jar:/Users/jmirandev/.m2/repository/org/ow2/asm/asm-analysis/8.0.1/asm-analysis-8.0.1.jar:/Users/jmirandev/.m2/repository/org/springframework/boot/spring-boot-starter-websocket/2.5.7/spring-boot-starter-websocket-2.5.7.jar:/Users/jmirandev/.m2/repository/org/springframework/spring-messaging/5.3.13/spring-messaging-5.3.13.jar:/Users/jmirandev/.m2/repository/org/springframework/spring-websocket/5.3.13/spring-websocket-5.3.13.jar:/Users/jmirandev/.m2/repository/org/apache/httpcomponents/httpclient/4.5.13/httpclient-4.5.13.jar:/Users/jmirandev/.m2/repository/org/apache/httpcomponents/httpcore/4.4.14/httpcore-4.4.14.jar:/Users/jmirandev/.m2/repository/org/springframework/boot/spring-boot-starter-webflux/2.5.7/spring-boot-starter-webflux-2.5.7.jar:/Users/jmirandev/.m2/repository/org/springframework/boot/spring-boot-starter-reactor-netty/2.5.7/spring-boot-starter-reactor-netty-2.5.7.jar:/Users/jmirandev/.m2/repository/io/projectreactor/netty/reactor-netty-http/1.0.13/reactor-netty-http-1.0.13.jar:/Users/jmirandev/.m2/repository/io/netty/netty-codec-http/4.1.70.Final/netty-codec-http-4.1.70.Final.jar:/Users/jmirandev/.m2/repository/io/netty/netty-common/4.1.70.Final/netty-common-4.1.70.Final.jar:/Users/jmirandev/.m2/repository/io/netty/netty-buffer/4.1.70.Final/netty-buffer-4.1.70.Final.jar:/Users/jmirandev/.m2/repository/io/netty/netty-transport/4.1.70.Final/netty-transport-4.1.70.Final.jar:/Users/jmirandev/.m2/repository/io/netty/netty-codec/4.1.70.Final/netty-codec-4.1.70.Final.jar:/Users/jmirandev/.m2/repository/io/netty/netty-handler/4.1.70.Final/netty-handler-4.1.70.Final.jar:/Users/jmirandev/.m2/repository/io/netty/netty-codec-http2/4.1.70.Final/netty-codec-http2-4.1.70.Final.jar:/Users/jmirandev/.m2/repository/io/netty/netty-resolver-dns/4.1.70.Final/netty-resolver-dns-4.1.70.Final.jar:/Users/jmirandev/.m2/repository/io/netty/netty-resolver/4.1.70.Final/netty-resolver-4.1.70.Final.jar:/Users/jmirandev/.m2/repository/io/netty/netty-codec-dns/4.1.70.Final/netty-codec-dns-4.1.70.Final.jar:/Users/jmirandev/.m2/repository/io/netty/netty-resolver-dns-native-macos/4.1.70.Final/netty-resolver-dns-native-macos-4.1.70.Final-osx-x86_64.jar:/Users/jmirandev/.m2/repository/io/netty/netty-resolver-dns-classes-macos/4.1.70.Final/netty-resolver-dns-classes-macos-4.1.70.Final.jar:/Users/jmirandev/.m2/repository/io/netty/netty-transport-native-epoll/4.1.70.Final/netty-transport-native-epoll-4.1.70.Final-linux-x86_64.jar:/Users/jmirandev/.m2/repository/io/netty/netty-transport-native-unix-common/4.1.70.Final/netty-transport-native-unix-common-4.1.70.Final.jar:/Users/jmirandev/.m2/repository/io/netty/netty-transport-classes-epoll/4.1.70.Final/netty-transport-classes-epoll-4.1.70.Final.jar:/Users/jmirandev/.m2/repository/io/projectreactor/netty/reactor-netty-core/1.0.13/reactor-netty-core-1.0.13.jar:/Users/jmirandev/.m2/repository/io/netty/netty-handler-proxy/4.1.70.Final/netty-handler-proxy-4.1.70.Final.jar:/Users/jmirandev/.m2/repository/io/netty/netty-codec-socks/4.1.70.Final/netty-codec-socks-4.1.70.Final.jar:/Users/jmirandev/.m2/repository/org/springframework/spring-webflux/5.3.13/spring-webflux-5.3.13.jar:/Users/jmirandev/.m2/repository/org/springframework/boot/spring-boot-starter-undertow/2.5.7/spring-boot-starter-undertow-2.5.7.jar:/Users/jmirandev/.m2/repository/io/undertow/undertow-core/2.2.12.Final/undertow-core-2.2.12.Final.jar:/Users/jmirandev/.m2/repository/org/jboss/xnio/xnio-api/3.8.4.Final/xnio-api-3.8.4.Final.jar:/Users/jmirandev/.m2/repository/org/wildfly/common/wildfly-common/1.5.2.Final/wildfly-common-1.5.2.Final.jar:/Users/jmirandev/.m2/repository/org/wildfly/client/wildfly-client-config/1.0.1.Final/wildfly-client-config-1.0.1.Final.jar:/Users/jmirandev/.m2/repository/org/jboss/xnio/xnio-nio/3.8.4.Final/xnio-nio-3.8.4.Final.jar:/Users/jmirandev/.m2/repository/org/jboss/threads/jboss-threads/3.1.0.Final/jboss-threads-3.1.0.Final.jar:/Users/jmirandev/.m2/repository/io/undertow/undertow-servlet/2.2.12.Final/undertow-servlet-2.2.12.Final.jar:/Users/jmirandev/.m2/repository/io/undertow/undertow-websockets-jsr/2.2.12.Final/undertow-websockets-jsr-2.2.12.Final.jar:/Users/jmirandev/.m2/repository/jakarta/servlet/jakarta.servlet-api/4.0.4/jakarta.servlet-api-4.0.4.jar:/Users/jmirandev/.m2/repository/jakarta/websocket/jakarta.websocket-api/1.1.2/jakarta.websocket-api-1.1.2.jar:/Users/jmirandev/.m2/repository/org/apache/tomcat/embed/tomcat-embed-el/9.0.55/tomcat-embed-el-9.0.55.jar:/Users/jmirandev/.m2/repository/io/projectreactor/reactor-core/3.4.12/reactor-core-3.4.12.jar:/Users/jmirandev/.m2/repository/org/reactivestreams/reactive-streams/1.0.3/reactive-streams-1.0.3.jar:"/>
    <property name="java.vm.vendor" value="Oracle Corporation"/>
    <property name="sun.arch.data.model" value="64"/>
    <property name="java.vendor.url" value="http://java.oracle.com/"/>
    <property name="user.timezone" value=""/>
    <property name="user.country.format" value="CL"/>
    <property name="java.vm.specification.version" value="1.8"/>
    <property name="os.name" value="Mac OS X"/>
    <property name="user.country" value="419"/>
    <property name="sun.java.launcher" value="SUN_STANDARD"/>
    <property name="sun.boot.library.path" value="/Library/Java/JavaVirtualMachines/jdk1.8.0_391.jdk/Contents/Home/jre/lib"/>
    <property name="sun.java.command" value="/Users/jmirandev/meetagora-backend/target/surefire/surefirebooter4291455699459506765.jar /Users/jmirandev/meetagora-backend/target/surefire 2023-11-10T20-32-08_912-jvmRun1 surefire7624921189914320981tmp surefire_04516271800075702137tmp"/>
    <property name="http.nonProxyHosts" value="local|*.local|169.254/16|*.169.254/16"/>
    <property name="surefire.test.class.path" value="/Users/jmirandev/meetagora-backend/target/test-classes:/Users/jmirandev/meetagora-backend/target/classes:/Users/jmirandev/.m2/repository/org/springframework/boot/spring-boot-starter-web/2.5.7/spring-boot-starter-web-2.5.7.jar:/Users/jmirandev/.m2/repository/org/springframework/boot/spring-boot-starter/2.5.7/spring-boot-starter-2.5.7.jar:/Users/jmirandev/.m2/repository/org/springframework/boot/spring-boot-starter-logging/2.5.7/spring-boot-starter-logging-2.5.7.jar:/Users/jmirandev/.m2/repository/ch/qos/logback/logback-classic/1.2.7/logback-classic-1.2.7.jar:/Users/jmirandev/.m2/repository/ch/qos/logback/logback-core/1.2.7/logback-core-1.2.7.jar:/Users/jmirandev/.m2/repository/org/apache/logging/log4j/log4j-to-slf4j/2.14.1/log4j-to-slf4j-2.14.1.jar:/Users/jmirandev/.m2/repository/org/apache/logging/log4j/log4j-api/2.14.1/log4j-api-2.14.1.jar:/Users/jmirandev/.m2/repository/org/slf4j/jul-to-slf4j/1.7.32/jul-to-slf4j-1.7.32.jar:/Users/jmirandev/.m2/repository/jakarta/annotation/jakarta.annotation-api/1.3.5/jakarta.annotation-api-1.3.5.jar:/Users/jmirandev/.m2/repository/org/yaml/snakeyaml/1.28/snakeyaml-1.28.jar:/Users/jmirandev/.m2/repository/org/springframework/boot/spring-boot-starter-json/2.5.7/spring-boot-starter-json-2.5.7.jar:/Users/jmirandev/.m2/repository/com/fasterxml/jackson/datatype/jackson-datatype-jdk8/2.12.5/jackson-datatype-jdk8-2.12.5.jar:/Users/jmirandev/.m2/repository/com/fasterxml/jackson/module/jackson-module-parameter-names/2.12.5/jackson-module-parameter-names-2.12.5.jar:/Users/jmirandev/.m2/repository/org/springframework/boot/spring-boot-starter-tomcat/2.5.7/spring-boot-starter-tomcat-2.5.7.jar:/Users/jmirandev/.m2/repository/org/apache/tomcat/embed/tomcat-embed-core/9.0.55/tomcat-embed-core-9.0.55.jar:/Users/jmirandev/.m2/repository/org/apache/tomcat/embed/tomcat-embed-websocket/9.0.55/tomcat-embed-websocket-9.0.55.jar:/Users/jmirandev/.m2/repository/org/springframework/spring-web/5.3.13/spring-web-5.3.13.jar:/Users/jmirandev/.m2/repository/org/springframework/spring-beans/5.3.13/spring-beans-5.3.13.jar:/Users/jmirandev/.m2/repository/org/springframework/spring-webmvc/5.3.13/spring-webmvc-5.3.13.jar:/Users/jmirandev/.m2/repository/org/springframework/spring-context/5.3.13/spring-context-5.3.13.jar:/Users/jmirandev/.m2/repository/org/springframework/spring-expression/5.3.13/spring-expression-5.3.13.jar:/Users/jmirandev/.m2/repository/org/mybatis/spring/boot/mybatis-spring-boot-starter/2.2.2/mybatis-spring-boot-starter-2.2.2.jar:/Users/jmirandev/.m2/repository/org/springframework/boot/spring-boot-starter-jdbc/2.5.7/spring-boot-starter-jdbc-2.5.7.jar:/Users/jmirandev/.m2/repository/com/zaxxer/HikariCP/4.0.3/HikariCP-4.0.3.jar:/Users/jmirandev/.m2/repository/org/springframework/spring-jdbc/5.3.13/spring-jdbc-5.3.13.jar:/Users/jmirandev/.m2/repository/org/springframework/spring-tx/5.3.13/spring-tx-5.3.13.jar:/Users/jmirandev/.m2/repository/org/mybatis/spring/boot/mybatis-spring-boot-autoconfigure/2.2.2/mybatis-spring-boot-autoconfigure-2.2.2.jar:/Users/jmirandev/.m2/repository/org/mybatis/mybatis/3.5.9/mybatis-3.5.9.jar:/Users/jmirandev/.m2/repository/org/mybatis/mybatis-spring/2.0.7/mybatis-spring-2.0.7.jar:/Users/jmirandev/.m2/repository/org/springframework/boot/spring-boot-devtools/2.5.7/spring-boot-devtools-2.5.7.jar:/Users/jmirandev/.m2/repository/org/springframework/boot/spring-boot/2.5.7/spring-boot-2.5.7.jar:/Users/jmirandev/.m2/repository/org/springframework/boot/spring-boot-autoconfigure/2.5.7/spring-boot-autoconfigure-2.5.7.jar:/Users/jmirandev/.m2/repository/mysql/mysql-connector-java/8.0.27/mysql-connector-java-8.0.27.jar:/Users/jmirandev/.m2/repository/org/projectlombok/lombok/1.18.22/lombok-1.18.22.jar:/Users/jmirandev/.m2/repository/org/springframework/boot/spring-boot-starter-test/2.5.7/spring-boot-starter-test-2.5.7.jar:/Users/jmirandev/.m2/repository/org/springframework/boot/spring-boot-test/2.5.7/spring-boot-test-2.5.7.jar:/Users/jmirandev/.m2/repository/org/springframework/boot/spring-boot-test-autoconfigure/2.5.7/spring-boot-test-autoconfigure-2.5.7.jar:/Users/jmirandev/.m2/repository/com/jayway/jsonpath/json-path/2.5.0/json-path-2.5.0.jar:/Users/jmirandev/.m2/repository/net/minidev/json-smart/2.4.7/json-smart-2.4.7.jar:/Users/jmirandev/.m2/repository/net/minidev/accessors-smart/2.4.7/accessors-smart-2.4.7.jar:/Users/jmirandev/.m2/repository/jakarta/xml/bind/jakarta.xml.bind-api/2.3.3/jakarta.xml.bind-api-2.3.3.jar:/Users/jmirandev/.m2/repository/jakarta/activation/jakarta.activation-api/1.2.2/jakarta.activation-api-1.2.2.jar:/Users/jmirandev/.m2/repository/org/assertj/assertj-core/3.19.0/assertj-core-3.19.0.jar:/Users/jmirandev/.m2/repository/org/hamcrest/hamcrest/2.2/hamcrest-2.2.jar:/Users/jmirandev/.m2/repository/org/junit/jupiter/junit-jupiter/5.7.2/junit-jupiter-5.7.2.jar:/Users/jmirandev/.m2/repository/org/junit/jupiter/junit-jupiter-api/5.7.2/junit-jupiter-api-5.7.2.jar:/Users/jmirandev/.m2/repository/org/apiguardian/apiguardian-api/1.1.0/apiguardian-api-1.1.0.jar:/Users/jmirandev/.m2/repository/org/opentest4j/opentest4j/1.2.0/opentest4j-1.2.0.jar:/Users/jmirandev/.m2/repository/org/junit/platform/junit-platform-commons/1.7.2/junit-platform-commons-1.7.2.jar:/Users/jmirandev/.m2/repository/org/junit/jupiter/junit-jupiter-params/5.7.2/junit-jupiter-params-5.7.2.jar:/Users/jmirandev/.m2/repository/org/junit/jupiter/junit-jupiter-engine/5.7.2/junit-jupiter-engine-5.7.2.jar:/Users/jmirandev/.m2/repository/org/junit/platform/junit-platform-engine/1.7.2/junit-platform-engine-1.7.2.jar:/Users/jmirandev/.m2/repository/org/mockito/mockito-core/3.9.0/mockito-core-3.9.0.jar:/Users/jmirandev/.m2/repository/net/bytebuddy/byte-buddy/1.10.22/byte-buddy-1.10.22.jar:/Users/jmirandev/.m2/repository/net/bytebuddy/byte-buddy-agent/1.10.22/byte-buddy-agent-1.10.22.jar:/Users/jmirandev/.m2/repository/org/objenesis/objenesis/3.2/objenesis-3.2.jar:/Users/jmirandev/.m2/repository/org/mockito/mockito-junit-jupiter/3.9.0/mockito-junit-jupiter-3.9.0.jar:/Users/jmirandev/.m2/repository/org/skyscreamer/jsonassert/1.5.0/jsonassert-1.5.0.jar:/Users/jmirandev/.m2/repository/com/vaadin/external/google/android-json/0.0.20131108.vaadin1/android-json-0.0.20131108.vaadin1.jar:/Users/jmirandev/.m2/repository/org/springframework/spring-core/5.3.13/spring-core-5.3.13.jar:/Users/jmirandev/.m2/repository/org/springframework/spring-jcl/5.3.13/spring-jcl-5.3.13.jar:/Users/jmirandev/.m2/repository/org/springframework/spring-test/5.3.13/spring-test-5.3.13.jar:/Users/jmirandev/.m2/repository/org/xmlunit/xmlunit-core/2.8.3/xmlunit-core-2.8.3.jar:/Users/jmirandev/.m2/repository/org/springframework/boot/spring-boot-starter-mail/2.5.7/spring-boot-starter-mail-2.5.7.jar:/Users/jmirandev/.m2/repository/org/springframework/spring-context-support/5.3.13/spring-context-support-5.3.13.jar:/Users/jmirandev/.m2/repository/com/sun/mail/jakarta.mail/1.6.7/jakarta.mail-1.6.7.jar:/Users/jmirandev/.m2/repository/com/sun/activation/jakarta.activation/1.2.2/jakarta.activation-1.2.2.jar:/Users/jmirandev/.m2/repository/org/springframework/boot/spring-boot-starter-thymeleaf/2.5.7/spring-boot-starter-thymeleaf-2.5.7.jar:/Users/jmirandev/.m2/repository/org/thymeleaf/thymeleaf-spring5/3.0.12.RELEASE/thymeleaf-spring5-3.0.12.RELEASE.jar:/Users/jmirandev/.m2/repository/org/thymeleaf/thymeleaf/3.0.12.RELEASE/thymeleaf-3.0.12.RELEASE.jar:/Users/jmirandev/.m2/repository/org/attoparser/attoparser/2.0.5.RELEASE/attoparser-2.0.5.RELEASE.jar:/Users/jmirandev/.m2/repository/org/unbescape/unbescape/1.1.6.RELEASE/unbescape-1.1.6.RELEASE.jar:/Users/jmirandev/.m2/repository/org/thymeleaf/extras/thymeleaf-extras-java8time/3.0.4.RELEASE/thymeleaf-extras-java8time-3.0.4.RELEASE.jar:/Users/jmirandev/.m2/repository/org/springframework/boot/spring-boot-starter-security/2.5.7/spring-boot-starter-security-2.5.7.jar:/Users/jmirandev/.m2/repository/org/springframework/spring-aop/5.3.13/spring-aop-5.3.13.jar:/Users/jmirandev/.m2/repository/org/springframework/security/spring-security-config/5.5.3/spring-security-config-5.5.3.jar:/Users/jmirandev/.m2/repository/org/springframework/security/spring-security-core/5.5.3/spring-security-core-5.5.3.jar:/Users/jmirandev/.m2/repository/org/springframework/security/spring-security-crypto/5.5.3/spring-security-crypto-5.5.3.jar:/Users/jmirandev/.m2/repository/org/springframework/security/spring-security-web/5.5.3/spring-security-web-5.5.3.jar:/Users/jmirandev/.m2/repository/technology/tabula/tabula/1.0.5/tabula-1.0.5.jar:/Users/jmirandev/.m2/repository/org/locationtech/jts/jts-core/1.18.1/jts-core-1.18.1.jar:/Users/jmirandev/.m2/repository/org/slf4j/slf4j-api/1.7.32/slf4j-api-1.7.32.jar:/Users/jmirandev/.m2/repository/org/slf4j/slf4j-simple/1.7.32/slf4j-simple-1.7.32.jar:/Users/jmirandev/.m2/repository/org/apache/pdfbox/pdfbox/2.0.24/pdfbox-2.0.24.jar:/Users/jmirandev/.m2/repository/org/apache/pdfbox/fontbox/2.0.24/fontbox-2.0.24.jar:/Users/jmirandev/.m2/repository/commons-logging/commons-logging/1.2/commons-logging-1.2.jar:/Users/jmirandev/.m2/repository/org/bouncycastle/bcprov-jdk15on/1.69/bcprov-jdk15on-1.69.jar:/Users/jmirandev/.m2/repository/org/bouncycastle/bcmail-jdk15on/1.69/bcmail-jdk15on-1.69.jar:/Users/jmirandev/.m2/repository/org/bouncycastle/bcutil-jdk15on/1.69/bcutil-jdk15on-1.69.jar:/Users/jmirandev/.m2/repository/org/bouncycastle/bcpkix-jdk15on/1.69/bcpkix-jdk15on-1.69.jar:/Users/jmirandev/.m2/repository/commons-cli/commons-cli/1.4/commons-cli-1.4.jar:/Users/jmirandev/.m2/repository/org/apache/commons/commons-csv/1.9.0/commons-csv-1.9.0.jar:/Users/jmirandev/.m2/repository/com/google/code/gson/gson/2.8.9/gson-2.8.9.jar:/Users/jmirandev/.m2/repository/com/github/jai-imageio/jai-imageio-core/1.4.0/jai-imageio-core-1.4.0.jar:/Users/jmirandev/.m2/repository/com/github/jai-imageio/jai-imageio-jpeg2000/1.4.0/jai-imageio-jpeg2000-1.4.0.jar:/Users/jmirandev/.m2/repository/org/apache/pdfbox/jbig2-imageio/3.0.3/jbig2-imageio-3.0.3.jar:/Users/jmirandev/.m2/repository/com/fasterxml/jackson/datatype/jackson-datatype-jsr310/2.15.2/jackson-datatype-jsr310-2.15.2.jar:/Users/jmirandev/.m2/repository/com/fasterxml/jackson/core/jackson-annotations/2.12.5/jackson-annotations-2.12.5.jar:/Users/jmirandev/.m2/repository/com/fasterxml/jackson/core/jackson-core/2.12.5/jackson-core-2.12.5.jar:/Users/jmirandev/.m2/repository/com/fasterxml/jackson/core/jackson-databind/2.12.5/jackson-databind-2.12.5.jar:/Users/jmirandev/.m2/repository/joda-time/joda-time/2.12.5/joda-time-2.12.5.jar:/Users/jmirandev/.m2/repository/com/fasterxml/jackson/datatype/jackson-datatype-joda/2.15.2/jackson-datatype-joda-2.15.2.jar:/Users/jmirandev/.m2/repository/org/hibernate/validator/hibernate-validator/6.0.13.Final/hibernate-validator-6.0.13.Final.jar:/Users/jmirandev/.m2/repository/javax/validation/validation-api/2.0.1.Final/validation-api-2.0.1.Final.jar:/Users/jmirandev/.m2/repository/org/jboss/logging/jboss-logging/3.4.2.Final/jboss-logging-3.4.2.Final.jar:/Users/jmirandev/.m2/repository/com/fasterxml/classmate/1.5.1/classmate-1.5.1.jar:/Users/jmirandev/.m2/repository/com/google/cloud/google-cloud-storage/2.28.0/google-cloud-storage-2.28.0.jar:/Users/jmirandev/.m2/repository/com/google/guava/guava/32.1.2-jre/guava-32.1.2-jre.jar:/Users/jmirandev/.m2/repository/com/google/guava/failureaccess/1.0.1/failureaccess-1.0.1.jar:/Users/jmirandev/.m2/repository/com/google/guava/listenablefuture/9999.0-empty-to-avoid-conflict-with-guava/listenablefuture-9999.0-empty-to-avoid-conflict-with-guava.jar:/Users/jmirandev/.m2/repository/com/google/errorprone/error_prone_annotations/2.20.0/error_prone_annotations-2.20.0.jar:/Users/jmirandev/.m2/repository/com/google/j2objc/j2objc-annotations/2.8/j2objc-annotations-2.8.jar:/Users/jmirandev/.m2/repository/com/google/http-client/google-http-client/1.43.3/google-http-client-1.43.3.jar:/Users/jmirandev/.m2/repository/io/opencensus/opencensus-contrib-http-util/0.31.1/opencensus-contrib-http-util-0.31.1.jar:/Users/jmirandev/.m2/repository/com/google/http-client/google-http-client-jackson2/1.43.3/google-http-client-jackson2-1.43.3.jar:/Users/jmirandev/.m2/repository/com/google/http-client/google-http-client-gson/1.43.3/google-http-client-gson-1.43.3.jar:/Users/jmirandev/.m2/repository/com/google/api-client/google-api-client/2.2.0/google-api-client-2.2.0.jar:/Users/jmirandev/.m2/repository/commons-codec/commons-codec/1.15/commons-codec-1.15.jar:/Users/jmirandev/.m2/repository/com/google/oauth-client/google-oauth-client/1.34.1/google-oauth-client-1.34.1.jar:/Users/jmirandev/.m2/repository/com/google/http-client/google-http-client-apache-v2/1.43.3/google-http-client-apache-v2-1.43.3.jar:/Users/jmirandev/.m2/repository/com/google/apis/google-api-services-storage/v1-rev20230922-2.0.0/google-api-services-storage-v1-rev20230922-2.0.0.jar:/Users/jmirandev/.m2/repository/com/google/cloud/google-cloud-core/2.25.0/google-cloud-core-2.25.0.jar:/Users/jmirandev/.m2/repository/com/google/auto/value/auto-value-annotations/1.10.4/auto-value-annotations-1.10.4.jar:/Users/jmirandev/.m2/repository/com/google/cloud/google-cloud-core-http/2.25.0/google-cloud-core-http-2.25.0.jar:/Users/jmirandev/.m2/repository/com/google/http-client/google-http-client-appengine/1.43.3/google-http-client-appengine-1.43.3.jar:/Users/jmirandev/.m2/repository/com/google/api/gax-httpjson/2.35.0/gax-httpjson-2.35.0.jar:/Users/jmirandev/.m2/repository/com/google/cloud/google-cloud-core-grpc/2.25.0/google-cloud-core-grpc-2.25.0.jar:/Users/jmirandev/.m2/repository/com/google/api/gax/2.35.0/gax-2.35.0.jar:/Users/jmirandev/.m2/repository/com/google/api/gax-grpc/2.35.0/gax-grpc-2.35.0.jar:/Users/jmirandev/.m2/repository/io/grpc/grpc-inprocess/1.58.0/grpc-inprocess-1.58.0.jar:/Users/jmirandev/.m2/repository/io/grpc/grpc-alts/1.58.0/grpc-alts-1.58.0.jar:/Users/jmirandev/.m2/repository/io/grpc/grpc-grpclb/1.58.0/grpc-grpclb-1.58.0.jar:/Users/jmirandev/.m2/repository/org/conscrypt/conscrypt-openjdk-uber/2.5.2/conscrypt-openjdk-uber-2.5.2.jar:/Users/jmirandev/.m2/repository/io/grpc/grpc-auth/1.58.0/grpc-auth-1.58.0.jar:/Users/jmirandev/.m2/repository/io/grpc/grpc-protobuf/1.58.0/grpc-protobuf-1.58.0.jar:/Users/jmirandev/.m2/repository/io/grpc/grpc-protobuf-lite/1.58.0/grpc-protobuf-lite-1.58.0.jar:/Users/jmirandev/.m2/repository/com/google/auth/google-auth-library-credentials/1.19.0/google-auth-library-credentials-1.19.0.jar:/Users/jmirandev/.m2/repository/com/google/auth/google-auth-library-oauth2-http/1.19.0/google-auth-library-oauth2-http-1.19.0.jar:/Users/jmirandev/.m2/repository/com/google/api/api-common/2.18.0/api-common-2.18.0.jar:/Users/jmirandev/.m2/repository/javax/annotation/javax.annotation-api/1.3.2/javax.annotation-api-1.3.2.jar:/Users/jmirandev/.m2/repository/io/opencensus/opencensus-api/0.31.1/opencensus-api-0.31.1.jar:/Users/jmirandev/.m2/repository/io/grpc/grpc-context/1.58.0/grpc-context-1.58.0.jar:/Users/jmirandev/.m2/repository/com/google/api/grpc/proto-google-iam-v1/1.21.0/proto-google-iam-v1-1.21.0.jar:/Users/jmirandev/.m2/repository/com/google/protobuf/protobuf-java/3.24.3/protobuf-java-3.24.3.jar:/Users/jmirandev/.m2/repository/com/google/protobuf/protobuf-java-util/3.24.3/protobuf-java-util-3.24.3.jar:/Users/jmirandev/.m2/repository/com/google/api/grpc/proto-google-common-protos/2.26.0/proto-google-common-protos-2.26.0.jar:/Users/jmirandev/.m2/repository/org/threeten/threetenbp/1.6.8/threetenbp-1.6.8.jar:/Users/jmirandev/.m2/repository/com/google/api/grpc/proto-google-cloud-storage-v2/2.28.0-alpha/proto-google-cloud-storage-v2-2.28.0-alpha.jar:/Users/jmirandev/.m2/repository/com/google/api/grpc/grpc-google-cloud-storage-v2/2.28.0-alpha/grpc-google-cloud-storage-v2-2.28.0-alpha.jar:/Users/jmirandev/.m2/repository/com/google/api/grpc/gapic-google-cloud-storage-v2/2.28.0-alpha/gapic-google-cloud-storage-v2-2.28.0-alpha.jar:/Users/jmirandev/.m2/repository/com/google/code/findbugs/jsr305/3.0.2/jsr305-3.0.2.jar:/Users/jmirandev/.m2/repository/io/grpc/grpc-api/1.58.0/grpc-api-1.58.0.jar:/Users/jmirandev/.m2/repository/io/grpc/grpc-netty-shaded/1.58.0/grpc-netty-shaded-1.58.0.jar:/Users/jmirandev/.m2/repository/io/perfmark/perfmark-api/0.26.0/perfmark-api-0.26.0.jar:/Users/jmirandev/.m2/repository/io/grpc/grpc-core/1.58.0/grpc-core-1.58.0.jar:/Users/jmirandev/.m2/repository/com/google/android/annotations/4.1.1.4/annotations-4.1.1.4.jar:/Users/jmirandev/.m2/repository/org/codehaus/mojo/animal-sniffer-annotations/1.23/animal-sniffer-annotations-1.23.jar:/Users/jmirandev/.m2/repository/io/grpc/grpc-stub/1.58.0/grpc-stub-1.58.0.jar:/Users/jmirandev/.m2/repository/io/grpc/grpc-googleapis/1.58.0/grpc-googleapis-1.58.0.jar:/Users/jmirandev/.m2/repository/org/checkerframework/checker-qual/3.33.0/checker-qual-3.33.0.jar:/Users/jmirandev/.m2/repository/io/grpc/grpc-xds/1.58.0/grpc-xds-1.58.0.jar:/Users/jmirandev/.m2/repository/io/opencensus/opencensus-proto/0.2.0/opencensus-proto-0.2.0.jar:/Users/jmirandev/.m2/repository/io/grpc/grpc-services/1.58.0/grpc-services-1.58.0.jar:/Users/jmirandev/.m2/repository/com/google/re2j/re2j/1.7/re2j-1.7.jar:/Users/jmirandev/.m2/repository/io/grpc/grpc-rls/1.58.0/grpc-rls-1.58.0.jar:/Users/jmirandev/.m2/repository/io/grpc/grpc-util/1.58.0/grpc-util-1.58.0.jar:/Users/jmirandev/.m2/repository/com/google/zxing/core/3.3.0/core-3.3.0.jar:/Users/jmirandev/.m2/repository/com/google/zxing/javase/3.3.0/javase-3.3.0.jar:/Users/jmirandev/.m2/repository/com/beust/jcommander/1.48/jcommander-1.48.jar:/Users/jmirandev/.m2/repository/io/jsonwebtoken/jjwt/0.9.1/jjwt-0.9.1.jar:/Users/jmirandev/.m2/repository/org/springframework/cloud/spring-cloud-gcp-starter-sql-mysql/1.2.3.RELEASE/spring-cloud-gcp-starter-sql-mysql-1.2.3.RELEASE.jar:/Users/jmirandev/.m2/repository/org/springframework/cloud/spring-cloud-gcp-starter/1.2.3.RELEASE/spring-cloud-gcp-starter-1.2.3.RELEASE.jar:/Users/jmirandev/.m2/repository/org/springframework/cloud/spring-cloud-gcp-core/1.2.3.RELEASE/spring-cloud-gcp-core-1.2.3.RELEASE.jar:/Users/jmirandev/.m2/repository/org/springframework/cloud/spring-cloud-gcp-autoconfigure/1.2.3.RELEASE/spring-cloud-gcp-autoconfigure-1.2.3.RELEASE.jar:/Users/jmirandev/.m2/repository/com/google/cloud/sql/mysql-socket-factory/1.0.16/mysql-socket-factory-1.0.16.jar:/Users/jmirandev/.m2/repository/com/google/cloud/sql/jdbc-socket-factory-core/1.0.16/jdbc-socket-factory-core-1.0.16.jar:/Users/jmirandev/.m2/repository/com/google/apis/google-api-services-sqladmin/v1beta4-rev20190827-1.30.1/google-api-services-sqladmin-v1beta4-rev20190827-1.30.1.jar:/Users/jmirandev/.m2/repository/com/github/jnr/jnr-unixsocket/0.30/jnr-unixsocket-0.30.jar:/Users/jmirandev/.m2/repository/com/github/jnr/jnr-ffi/2.1.13/jnr-ffi-2.1.13.jar:/Users/jmirandev/.m2/repository/com/github/jnr/jffi/1.2.23/jffi-1.2.23.jar:/Users/jmirandev/.m2/repository/com/github/jnr/jffi/1.2.23/jffi-1.2.23-native.jar:/Users/jmirandev/.m2/repository/org/ow2/asm/asm-commons/7.1/asm-commons-7.1.jar:/Users/jmirandev/.m2/repository/com/github/jnr/jnr-a64asm/1.0.0/jnr-a64asm-1.0.0.jar:/Users/jmirandev/.m2/repository/com/github/jnr/jnr-x86asm/1.0.2/jnr-x86asm-1.0.2.jar:/Users/jmirandev/.m2/repository/com/github/jnr/jnr-constants/0.9.15/jnr-constants-0.9.15.jar:/Users/jmirandev/.m2/repository/com/github/jnr/jnr-enxio/0.26/jnr-enxio-0.26.jar:/Users/jmirandev/.m2/repository/com/github/jnr/jnr-posix/3.0.55/jnr-posix-3.0.55.jar:/Users/jmirandev/.m2/repository/org/ow2/asm/asm-util/8.0.1/asm-util-8.0.1.jar:/Users/jmirandev/.m2/repository/org/ow2/asm/asm/8.0.1/asm-8.0.1.jar:/Users/jmirandev/.m2/repository/org/ow2/asm/asm-tree/8.0.1/asm-tree-8.0.1.jar:/Users/jmirandev/.m2/repository/org/ow2/asm/asm-analysis/8.0.1/asm-analysis-8.0.1.jar:/Users/jmirandev/.m2/repository/org/springframework/boot/spring-boot-starter-websocket/2.5.7/spring-boot-starter-websocket-2.5.7.jar:/Users/jmirandev/.m2/repository/org/springframework/spring-messaging/5.3.13/spring-messaging-5.3.13.jar:/Users/jmirandev/.m2/repository/org/springframework/spring-websocket/5.3.13/spring-websocket-5.3.13.jar:/Users/jmirandev/.m2/repository/org/apache/httpcomponents/httpclient/4.5.13/httpclient-4.5.13.jar:/Users/jmirandev/.m2/repository/org/apache/httpcomponents/httpcore/4.4.14/httpcore-4.4.14.jar:/Users/jmirandev/.m2/repository/org/springframework/boot/spring-boot-starter-webflux/2.5.7/spring-boot-starter-webflux-2.5.7.jar:/Users/jmirandev/.m2/repository/org/springframework/boot/spring-boot-starter-reactor-netty/2.5.7/spring-boot-starter-reactor-netty-2.5.7.jar:/Users/jmirandev/.m2/repository/io/projectreactor/netty/reactor-netty-http/1.0.13/reactor-netty-http-1.0.13.jar:/Users/jmirandev/.m2/repository/io/netty/netty-codec-http/4.1.70.Final/netty-codec-http-4.1.70.Final.jar:/Users/jmirandev/.m2/repository/io/netty/netty-common/4.1.70.Final/netty-common-4.1.70.Final.jar:/Users/jmirandev/.m2/repository/io/netty/netty-buffer/4.1.70.Final/netty-buffer-4.1.70.Final.jar:/Users/jmirandev/.m2/repository/io/netty/netty-transport/4.1.70.Final/netty-transport-4.1.70.Final.jar:/Users/jmirandev/.m2/repository/io/netty/netty-codec/4.1.70.Final/netty-codec-4.1.70.Final.jar:/Users/jmirandev/.m2/repository/io/netty/netty-handler/4.1.70.Final/netty-handler-4.1.70.Final.jar:/Users/jmirandev/.m2/repository/io/netty/netty-codec-http2/4.1.70.Final/netty-codec-http2-4.1.70.Final.jar:/Users/jmirandev/.m2/repository/io/netty/netty-resolver-dns/4.1.70.Final/netty-resolver-dns-4.1.70.Final.jar:/Users/jmirandev/.m2/repository/io/netty/netty-resolver/4.1.70.Final/netty-resolver-4.1.70.Final.jar:/Users/jmirandev/.m2/repository/io/netty/netty-codec-dns/4.1.70.Final/netty-codec-dns-4.1.70.Final.jar:/Users/jmirandev/.m2/repository/io/netty/netty-resolver-dns-native-macos/4.1.70.Final/netty-resolver-dns-native-macos-4.1.70.Final-osx-x86_64.jar:/Users/jmirandev/.m2/repository/io/netty/netty-resolver-dns-classes-macos/4.1.70.Final/netty-resolver-dns-classes-macos-4.1.70.Final.jar:/Users/jmirandev/.m2/repository/io/netty/netty-transport-native-epoll/4.1.70.Final/netty-transport-native-epoll-4.1.70.Final-linux-x86_64.jar:/Users/jmirandev/.m2/repository/io/netty/netty-transport-native-unix-common/4.1.70.Final/netty-transport-native-unix-common-4.1.70.Final.jar:/Users/jmirandev/.m2/repository/io/netty/netty-transport-classes-epoll/4.1.70.Final/netty-transport-classes-epoll-4.1.70.Final.jar:/Users/jmirandev/.m2/repository/io/projectreactor/netty/reactor-netty-core/1.0.13/reactor-netty-core-1.0.13.jar:/Users/jmirandev/.m2/repository/io/netty/netty-handler-proxy/4.1.70.Final/netty-handler-proxy-4.1.70.Final.jar:/Users/jmirandev/.m2/repository/io/netty/netty-codec-socks/4.1.70.Final/netty-codec-socks-4.1.70.Final.jar:/Users/jmirandev/.m2/repository/org/springframework/spring-webflux/5.3.13/spring-webflux-5.3.13.jar:/Users/jmirandev/.m2/repository/org/springframework/boot/spring-boot-starter-undertow/2.5.7/spring-boot-starter-undertow-2.5.7.jar:/Users/jmirandev/.m2/repository/io/undertow/undertow-core/2.2.12.Final/undertow-core-2.2.12.Final.jar:/Users/jmirandev/.m2/repository/org/jboss/xnio/xnio-api/3.8.4.Final/xnio-api-3.8.4.Final.jar:/Users/jmirandev/.m2/repository/org/wildfly/common/wildfly-common/1.5.2.Final/wildfly-common-1.5.2.Final.jar:/Users/jmirandev/.m2/repository/org/wildfly/client/wildfly-client-config/1.0.1.Final/wildfly-client-config-1.0.1.Final.jar:/Users/jmirandev/.m2/repository/org/jboss/xnio/xnio-nio/3.8.4.Final/xnio-nio-3.8.4.Final.jar:/Users/jmirandev/.m2/repository/org/jboss/threads/jboss-threads/3.1.0.Final/jboss-threads-3.1.0.Final.jar:/Users/jmirandev/.m2/repository/io/undertow/undertow-servlet/2.2.12.Final/undertow-servlet-2.2.12.Final.jar:/Users/jmirandev/.m2/repository/io/undertow/undertow-websockets-jsr/2.2.12.Final/undertow-websockets-jsr-2.2.12.Final.jar:/Users/jmirandev/.m2/repository/jakarta/servlet/jakarta.servlet-api/4.0.4/jakarta.servlet-api-4.0.4.jar:/Users/jmirandev/.m2/repository/jakarta/websocket/jakarta.websocket-api/1.1.2/jakarta.websocket-api-1.1.2.jar:/Users/jmirandev/.m2/repository/org/apache/tomcat/embed/tomcat-embed-el/9.0.55/tomcat-embed-el-9.0.55.jar:/Users/jmirandev/.m2/repository/io/projectreactor/reactor-core/3.4.12/reactor-core-3.4.12.jar:/Users/jmirandev/.m2/repository/org/reactivestreams/reactive-streams/1.0.3/reactive-streams-1.0.3.jar:"/>
    <property name="sun.cpu.endian" value="little"/>
    <property name="user.home" value="/Users/jmirandev"/>
    <property name="user.language" value="es"/>
    <property name="java.specification.vendor" value="Oracle Corporation"/>
    <property name="java.home" value="/Library/Java/JavaVirtualMachines/jdk1.8.0_391.jdk/Contents/Home/jre"/>
    <property name="basedir" value="/Users/jmirandev/meetagora-backend"/>
    <property name="file.separator" value="/"/>
    <property name="line.separator" value="&#10;"/>
    <property name="java.vm.specification.vendor" value="Oracle Corporation"/>
    <property name="java.specification.name" value="Java Platform API Specification"/>
    <property name="java.awt.graphicsenv" value="sun.awt.CGraphicsEnvironment"/>
    <property name="surefire.real.class.path" value="/Users/jmirandev/meetagora-backend/target/surefire/surefirebooter4291455699459506765.jar"/>
    <property name="sun.boot.class.path" value="/Library/Java/JavaVirtualMachines/jdk1.8.0_391.jdk/Contents/Home/jre/lib/resources.jar:/Library/Java/JavaVirtualMachines/jdk1.8.0_391.jdk/Contents/Home/jre/lib/rt.jar:/Library/Java/JavaVirtualMachines/jdk1.8.0_391.jdk/Contents/Home/jre/lib/jsse.jar:/Library/Java/JavaVirtualMachines/jdk1.8.0_391.jdk/Contents/Home/jre/lib/jce.jar:/Library/Java/JavaVirtualMachines/jdk1.8.0_391.jdk/Contents/Home/jre/lib/charsets.jar:/Library/Java/JavaVirtualMachines/jdk1.8.0_391.jdk/Contents/Home/jre/lib/jfr.jar:/Library/Java/JavaVirtualMachines/jdk1.8.0_391.jdk/Contents/Home/jre/classes"/>
    <property name="sun.management.compiler" value="HotSpot 64-Bit Tiered Compilers"/>
    <property name="ftp.nonProxyHosts" value="local|*.local|169.254/16|*.169.254/16"/>
    <property name="java.runtime.version" value="1.8.0_391-b13"/>
    <property name="user.name" value="jmirandev"/>
    <property name="path.separator" value=":"/>
    <property name="os.version" value="14.0"/>
    <property name="java.endorsed.dirs" value="/Library/Java/JavaVirtualMachines/jdk1.8.0_391.jdk/Contents/Home/jre/lib/endorsed"/>
    <property name="java.runtime.name" value="Java(TM) SE Runtime Environment"/>
    <property name="file.encoding" value="US-ASCII"/>
    <property name="java.vm.name" value="Java HotSpot(TM) 64-Bit Server VM"/>
    <property name="localRepository" value="/Users/jmirandev/.m2/repository"/>
    <property name="java.vendor.url.bug" value="http://bugreport.sun.com/bugreport/"/>
    <property name="java.io.tmpdir" value="/var/folders/91/q6ygtqx92dj60dv30z_5_gfr0000gn/T/"/>
    <property name="idea.version" value="2023.2.3"/>
    <property name="java.version" value="1.8.0_391"/>
    <property name="user.dir" value="/Users/jmirandev/meetagora-backend"/>
    <property name="os.arch" value="aarch64"/>
    <property name="java.vm.specification.name" value="Java Virtual Machine Specification"/>
    <property name="java.awt.printerjob" value="sun.lwawt.macosx.CPrinterJob"/>
    <property name="sun.os.patch.level" value="unknown"/>
    <property name="java.library.path" value="/Users/jmirandev/Library/Java/Extensions:/Library/Java/Extensions:/Network/Library/Java/Extensions:/System/Library/Java/Extensions:/usr/lib/java:."/>
    <property name="java.vm.info" value="mixed mode"/>
    <property name="java.vendor" value="Oracle Corporation"/>
    <property name="java.vm.version" value="25.391-b13"/>
    <property name="java.specification.maintenance.version" value="5"/>
    <property name="java.ext.dirs" value="/Users/jmirandev/Library/Java/Extensions:/Library/Java/JavaVirtualMachines/jdk1.8.0_391.jdk/Contents/Home/jre/lib/ext:/Library/Java/Extensions:/Network/Library/Java/Extensions:/System/Library/Java/Extensions:/usr/lib/java"/>
    <property name="sun.io.unicode.encoding" value="UnicodeBig"/>
    <property name="java.class.version" value="52.0"/>
    <property name="socksNonProxyHosts" value="local|*.local|169.254/16|*.169.254/16"/>
  </properties>
  <testcase name="testMetods" classname="com.mirandez.meetagora.MeetagoraApplicationTests" time="0.088"/>
</testsuite>